
RAxML-NG v. 1.0.2 released on 22.02.2021 by The Exelixis Lab.
Developed by: Alexey M. Kozlov and Alexandros Stamatakis.
Contributors: Diego Darriba, Tomas Flouri, Benoit Morel, Sarah Lutteropp, Ben Bettisworth.
Latest version: https://github.com/amkozlov/raxml-ng
Questions/problems/suggestions? Please visit: https://groups.google.com/forum/#!forum/raxml

System: Intel(R) Core(TM) i5-5350U CPU @ 1.80GHz, 2 cores, 8 GB RAM

RAxML-NG was called at 23-Mar-2023 13:39:14 as follows:

/Users/kaitlynabshire/Dropbox/software/raxml-ng -msa exd_protein.fasta -model VT+I+I+R2

Analysis options:
  run mode: ML tree search
  start tree(s): random (10) + parsimony (10)
  random seed: 1679596754
  tip-inner: OFF
  pattern compression: ON
  per-rate scalers: OFF
  site repeats: ON
  fast spr radius: AUTO
  spr subtree cutoff: 1.000000
  branch lengths: proportional (ML estimate, algorithm: NR-FAST)
  SIMD kernels: AVX2
  parallelization: coarse-grained (auto), PTHREADS (auto)

[00:00:00] Reading alignment from file: exd_protein.fasta
[00:00:00] Loaded alignment with 22 taxa and 1467 sites

Alignment comprises 1 partitions and 747 patterns

Partition 0: noname
Model: VT+I+R2
Alignment sites / patterns: 1467 / 747
Gaps: 72.37 %
Invariant sites: 62.30 %


NOTE: Binary MSA file created: exd_protein.fasta.raxml.rba

Parallelization scheme autoconfig: 2 worker(s) x 1 thread(s)

Parallel reduction/worker buffer size: 1 KB  / 0 KB

[00:00:00] Generating 10 random starting tree(s) with 22 taxa
[00:00:00] Generating 10 parsimony starting tree(s) with 22 taxa
[00:00:00] Data distribution: max. partitions/sites/weight per thread: 1 / 747 / 29880
[00:00:00] Data distribution: max. searches per worker: 10

Starting ML tree search with 20 distinct starting trees

[00:00:00 -15290.700225] Initial branch length optimization
[00:00:00 -12830.946708] Model parameter optimization (eps = 10.000000)
[00:00:02 -12625.010239] AUTODETECT spr round 1 (radius: 5)
[00:00:02 -12182.687563] AUTODETECT spr round 2 (radius: 10)
[00:00:03 -12117.738353] AUTODETECT spr round 3 (radius: 15)
[00:00:03 -12116.323783] AUTODETECT spr round 4 (radius: 20)
[00:00:04 -12116.322701] SPR radius for FAST iterations: 15 (autodetect)
[00:00:04 -12116.322701] Model parameter optimization (eps = 3.000000)
[00:00:05 -12110.653936] FAST spr round 1 (radius: 15)
[00:00:07 -12085.349294] FAST spr round 2 (radius: 15)
[00:00:08 -12076.283011] FAST spr round 3 (radius: 15)
[00:00:10 -12069.742857] FAST spr round 4 (radius: 15)
[00:00:12 -12069.742638] Model parameter optimization (eps = 1.000000)
[00:00:12 -12069.669312] SLOW spr round 1 (radius: 5)
[00:00:15 -12069.667893] SLOW spr round 2 (radius: 10)
[00:00:18 -12069.667890] SLOW spr round 3 (radius: 15)
[00:00:20 -12069.667890] SLOW spr round 4 (radius: 20)
[00:00:20 -12069.667890] Model parameter optimization (eps = 0.100000)

[00:00:20] [worker #0] ML tree search #1, logLikelihood: -12069.653582

[00:00:20 -15397.149577] Initial branch length optimization
[00:00:21 -12960.654817] Model parameter optimization (eps = 10.000000)
[00:00:22 -12733.135994] AUTODETECT spr round 1 (radius: 5)
[00:00:23 -12265.591220] AUTODETECT spr round 2 (radius: 10)
[00:00:23 -12189.364699] AUTODETECT spr round 3 (radius: 15)
[00:00:24 -12189.338952] SPR radius for FAST iterations: 10 (autodetect)
[00:00:24 -12189.338952] Model parameter optimization (eps = 3.000000)
[00:00:24] [worker #1] ML tree search #2, logLikelihood: -12069.663425
[00:00:24 -12184.919748] FAST spr round 1 (radius: 10)
[00:00:26 -12073.033439] FAST spr round 2 (radius: 10)
[00:00:27 -12071.053866] FAST spr round 3 (radius: 10)
[00:00:29 -12071.052875] Model parameter optimization (eps = 1.000000)
[00:00:29 -12070.089058] SLOW spr round 1 (radius: 5)
[00:00:34 -12070.057019] SLOW spr round 2 (radius: 10)
[00:00:36 -12069.787089] SLOW spr round 3 (radius: 5)
[00:00:41 -12069.787057] SLOW spr round 4 (radius: 10)
[00:00:43 -12069.787057] SLOW spr round 5 (radius: 15)
[00:00:44] [worker #1] ML tree search #4, logLikelihood: -12068.760052
[00:00:45 -12069.787057] SLOW spr round 6 (radius: 20)
[00:00:46 -12069.787057] Model parameter optimization (eps = 0.100000)

[00:00:46] [worker #0] ML tree search #3, logLikelihood: -12069.687598

[00:00:46 -14951.461529] Initial branch length optimization
[00:00:46 -12915.129450] Model parameter optimization (eps = 10.000000)
[00:00:48 -12712.046836] AUTODETECT spr round 1 (radius: 5)
[00:00:49 -12088.501992] AUTODETECT spr round 2 (radius: 10)
[00:00:49 -12088.495959] SPR radius for FAST iterations: 5 (autodetect)
[00:00:49 -12088.495959] Model parameter optimization (eps = 3.000000)
[00:00:50 -12083.482593] FAST spr round 1 (radius: 5)
[00:00:51 -12072.255348] FAST spr round 2 (radius: 5)
[00:00:53 -12071.013611] FAST spr round 3 (radius: 5)
[00:00:54 -12070.482987] FAST spr round 4 (radius: 5)
[00:00:55 -12070.482059] Model parameter optimization (eps = 1.000000)
[00:00:55 -12070.469597] SLOW spr round 1 (radius: 5)
[00:00:59 -12070.469328] SLOW spr round 2 (radius: 10)
[00:01:01 -12070.469300] SLOW spr round 3 (radius: 15)
[00:01:03 -12068.820571] SLOW spr round 4 (radius: 5)
[00:01:07 -12068.820376] SLOW spr round 5 (radius: 10)
[00:01:10 -12068.820362] SLOW spr round 6 (radius: 15)
[00:01:11 -12068.820360] SLOW spr round 7 (radius: 20)
[00:01:11 -12068.820359] Model parameter optimization (eps = 0.100000)

[00:01:12] [worker #0] ML tree search #5, logLikelihood: -12068.775471

[00:01:12 -15423.544554] Initial branch length optimization
[00:01:12 -13000.011294] Model parameter optimization (eps = 10.000000)
[00:01:13 -12771.283664] AUTODETECT spr round 1 (radius: 5)
[00:01:14] [worker #1] ML tree search #6, logLikelihood: -12069.649391
[00:01:14 -12162.553960] AUTODETECT spr round 2 (radius: 10)
[00:01:15 -12127.094824] AUTODETECT spr round 3 (radius: 15)
[00:01:15 -12110.771666] AUTODETECT spr round 4 (radius: 20)
[00:01:15 -12110.757184] SPR radius for FAST iterations: 15 (autodetect)
[00:01:15 -12110.757184] Model parameter optimization (eps = 3.000000)
[00:01:16 -12103.749958] FAST spr round 1 (radius: 15)
[00:01:18 -12073.475977] FAST spr round 2 (radius: 15)
[00:01:19 -12070.096010] FAST spr round 3 (radius: 15)
[00:01:20 -12070.095863] Model parameter optimization (eps = 1.000000)
[00:01:20 -12069.961289] SLOW spr round 1 (radius: 5)
[00:01:24 -12069.958181] SLOW spr round 2 (radius: 10)
[00:01:26 -12069.685429] SLOW spr round 3 (radius: 5)
[00:01:28] [worker #1] ML tree search #8, logLikelihood: -12068.772993
[00:01:29 -12069.685352] SLOW spr round 4 (radius: 10)
[00:01:32 -12069.685351] SLOW spr round 5 (radius: 15)
[00:01:33 -12069.685351] SLOW spr round 6 (radius: 20)
[00:01:34 -12069.685351] Model parameter optimization (eps = 0.100000)

[00:01:34] [worker #0] ML tree search #7, logLikelihood: -12069.657634

[00:01:34 -15394.452549] Initial branch length optimization
[00:01:34 -12813.068426] Model parameter optimization (eps = 10.000000)
[00:01:36 -12619.711997] AUTODETECT spr round 1 (radius: 5)
[00:01:37 -12112.482861] AUTODETECT spr round 2 (radius: 10)
[00:01:37 -12093.512112] AUTODETECT spr round 3 (radius: 15)
[00:01:37 -12093.508748] SPR radius for FAST iterations: 10 (autodetect)
[00:01:37 -12093.508748] Model parameter optimization (eps = 3.000000)
[00:01:38 -12087.654916] FAST spr round 1 (radius: 10)
[00:01:40 -12070.345963] FAST spr round 2 (radius: 10)
[00:01:41 -12069.041200] FAST spr round 3 (radius: 10)
[00:01:43 -12069.035035] Model parameter optimization (eps = 1.000000)
[00:01:43 -12068.840959] SLOW spr round 1 (radius: 5)
[00:01:45] [worker #1] ML tree search #10, logLikelihood: -12068.748230
[00:01:47 -12068.835218] SLOW spr round 2 (radius: 10)
[00:01:49 -12068.835145] SLOW spr round 3 (radius: 15)
[00:01:50 -12068.835132] SLOW spr round 4 (radius: 20)
[00:01:50 -12068.835130] Model parameter optimization (eps = 0.100000)

[00:01:51] [worker #0] ML tree search #9, logLikelihood: -12068.783363

[00:01:51 -13674.280536] Initial branch length optimization
[00:01:51 -12319.031035] Model parameter optimization (eps = 10.000000)
[00:01:52 -12111.061934] AUTODETECT spr round 1 (radius: 5)
[00:01:52 -12083.723248] AUTODETECT spr round 2 (radius: 10)
[00:01:53 -12083.712787] SPR radius for FAST iterations: 5 (autodetect)
[00:01:53 -12083.712787] Model parameter optimization (eps = 3.000000)
[00:01:53 -12083.409472] FAST spr round 1 (radius: 5)
[00:01:55 -12072.549737] FAST spr round 2 (radius: 5)
[00:01:56 -12072.188838] FAST spr round 3 (radius: 5)
[00:01:58 -12070.918631] FAST spr round 4 (radius: 5)
[00:01:59 -12070.211507] FAST spr round 5 (radius: 5)
[00:02:00] [worker #1] ML tree search #12, logLikelihood: -12068.757167
[00:02:00 -12070.027873] FAST spr round 6 (radius: 5)
[00:02:02 -12070.027837] Model parameter optimization (eps = 1.000000)
[00:02:02 -12069.754828] SLOW spr round 1 (radius: 5)
[00:02:05 -12069.749939] SLOW spr round 2 (radius: 10)
[00:02:07 -12069.749917] SLOW spr round 3 (radius: 15)
[00:02:09 -12069.749917] SLOW spr round 4 (radius: 20)
[00:02:09 -12069.749917] Model parameter optimization (eps = 0.100000)

[00:02:10] [worker #0] ML tree search #11, logLikelihood: -12069.676960

[00:02:10 -13689.169211] Initial branch length optimization
[00:02:10 -12316.345650] Model parameter optimization (eps = 10.000000)
[00:02:11 -12099.317043] AUTODETECT spr round 1 (radius: 5)
[00:02:11 -12075.717576] AUTODETECT spr round 2 (radius: 10)
[00:02:12 -12075.689112] SPR radius for FAST iterations: 5 (autodetect)
[00:02:12 -12075.689112] Model parameter optimization (eps = 3.000000)
[00:02:12 -12075.543263] FAST spr round 1 (radius: 5)
[00:02:13 -12072.994260] FAST spr round 2 (radius: 5)
[00:02:15 -12070.786260] FAST spr round 3 (radius: 5)
[00:02:16] [worker #1] ML tree search #14, logLikelihood: -12069.679619
[00:02:16 -12070.074640] FAST spr round 4 (radius: 5)
[00:02:17 -12069.892013] FAST spr round 5 (radius: 5)
[00:02:19 -12069.891978] Model parameter optimization (eps = 1.000000)
[00:02:19 -12069.691194] SLOW spr round 1 (radius: 5)
[00:02:22 -12069.688192] SLOW spr round 2 (radius: 10)
[00:02:24 -12069.688182] SLOW spr round 3 (radius: 15)
[00:02:26 -12069.688182] SLOW spr round 4 (radius: 20)
[00:02:26 -12069.688182] Model parameter optimization (eps = 0.100000)

[00:02:27] [worker #0] ML tree search #13, logLikelihood: -12069.659533

[00:02:27 -13655.437095] Initial branch length optimization
[00:02:27 -12312.652377] Model parameter optimization (eps = 10.000000)
[00:02:28 -12105.737646] AUTODETECT spr round 1 (radius: 5)
[00:02:29 -12070.628856] AUTODETECT spr round 2 (radius: 10)
[00:02:29 -12070.617881] SPR radius for FAST iterations: 5 (autodetect)
[00:02:29 -12070.617881] Model parameter optimization (eps = 3.000000)
[00:02:29 -12069.419660] FAST spr round 1 (radius: 5)
[00:02:31 -12069.168565] FAST spr round 2 (radius: 5)
[00:02:32 -12069.162190] Model parameter optimization (eps = 1.000000)
[00:02:32 -12068.869976] SLOW spr round 1 (radius: 5)
[00:02:34] [worker #1] ML tree search #16, logLikelihood: -12069.668999
[00:02:36 -12068.864211] SLOW spr round 2 (radius: 10)
[00:02:38 -12068.864053] SLOW spr round 3 (radius: 15)
[00:02:38 -12068.864029] SLOW spr round 4 (radius: 20)
[00:02:39 -12068.864024] Model parameter optimization (eps = 0.100000)

[00:02:39] [worker #0] ML tree search #15, logLikelihood: -12068.790570

[00:02:39 -13645.253804] Initial branch length optimization
[00:02:39 -12314.995127] Model parameter optimization (eps = 10.000000)
[00:02:40 -12109.271822] AUTODETECT spr round 1 (radius: 5)
[00:02:40 -12097.746329] AUTODETECT spr round 2 (radius: 10)
[00:02:41 -12093.918773] AUTODETECT spr round 3 (radius: 15)
[00:02:41 -12093.902067] SPR radius for FAST iterations: 10 (autodetect)
[00:02:41 -12093.902067] Model parameter optimization (eps = 3.000000)
[00:02:41 -12093.533366] FAST spr round 1 (radius: 10)
[00:02:43 -12071.365400] FAST spr round 2 (radius: 10)
[00:02:44 -12071.174492] FAST spr round 3 (radius: 10)
[00:02:45 -12071.170893] Model parameter optimization (eps = 1.000000)
[00:02:45 -12070.638796] SLOW spr round 1 (radius: 5)
[00:02:49 -12070.628223] SLOW spr round 2 (radius: 10)
[00:02:51 -12070.628083] SLOW spr round 3 (radius: 15)
[00:02:52] [worker #1] ML tree search #18, logLikelihood: -12069.686612
[00:02:52 -12068.841674] SLOW spr round 4 (radius: 5)
[00:02:56 -12068.841399] SLOW spr round 5 (radius: 10)
[00:02:58 -12068.841386] SLOW spr round 6 (radius: 15)
[00:02:59 -12068.841384] SLOW spr round 7 (radius: 20)
[00:02:59 -12068.841383] Model parameter optimization (eps = 0.100000)

[00:02:59] [worker #0] ML tree search #17, logLikelihood: -12068.779772

[00:02:59 -13700.952735] Initial branch length optimization
[00:02:59 -12323.382130] Model parameter optimization (eps = 10.000000)
[00:03:00 -12115.522718] AUTODETECT spr round 1 (radius: 5)
[00:03:01 -12071.959820] AUTODETECT spr round 2 (radius: 10)
[00:03:02 -12071.603652] AUTODETECT spr round 3 (radius: 15)
[00:03:02 -12071.593197] SPR radius for FAST iterations: 10 (autodetect)
[00:03:02 -12071.593197] Model parameter optimization (eps = 3.000000)
[00:03:02 -12070.837078] FAST spr round 1 (radius: 10)
[00:03:03 -12069.000141] FAST spr round 2 (radius: 10)
[00:03:05 -12068.998470] Model parameter optimization (eps = 1.000000)
[00:03:05 -12068.827755] SLOW spr round 1 (radius: 5)
[00:03:05] [worker #1] ML tree search #20, logLikelihood: -12068.755407
[00:03:08 -12068.823222] SLOW spr round 2 (radius: 10)
[00:03:10 -12068.823188] SLOW spr round 3 (radius: 15)
[00:03:11 -12068.823186] SLOW spr round 4 (radius: 20)
[00:03:11 -12068.823186] Model parameter optimization (eps = 0.100000)

[00:03:11] [worker #0] ML tree search #19, logLikelihood: -12068.779941


Optimized model parameters:

   Partition 0: noname
   Rate heterogeneity: FREE (2 cats, mean),  weights&rates: (0.760414,0.262952) (0.239586,3.339288) 
   P-inv (ML): 0.011314
   Base frequencies (model): 0.077076 0.050082 0.046238 0.053793 0.014453 0.040892 0.063358 0.065567 0.021880 0.059197 0.097646 0.059208 0.022070 0.041351 0.047687 0.070730 0.056776 0.012702 0.032375 0.066919 
   Substitution rates (model): 1.241269 1.218424 1.375937 2.473122 2.215517 2.337991 3.338656 0.961584 0.890820 1.077850 1.493206 1.900646 0.688344 2.735562 6.420896 5.289251 0.548858 0.541177 4.650189 1.572077 0.755065 1.441426 5.512082 1.354240 1.312170 4.923867 0.432301 0.838670 10.017331 1.248864 0.422495 1.309184 1.920299 1.336340 1.517014 0.891261 0.780702 7.858422 0.978468 3.014320 2.009343 2.411763 6.197438 0.917929 0.409831 4.403455 0.937880 0.504494 0.710372 6.123451 3.885251 0.180853 1.089493 0.458606 0.227249 1.656250 9.688345 1.914208 2.145964 0.216166 0.357421 1.452179 0.407524 0.167513 1.071461 2.216194 1.506684 0.249658 0.744762 0.459454 0.458747 0.451917 1.103461 1.519676 0.912667 1.408132 0.337109 1.221305 1.695395 0.432623 3.636682 1.755707 1.627518 2.157978 2.262746 6.812460 0.877611 7.994323 0.488273 1.331810 6.051909 1.910619 0.357343 2.301918 2.319370 2.157651 0.895908 0.918360 0.636693 1.386012 1.636008 0.403550 0.561072 4.329009 0.747194 0.231719 1.513281 1.827354 1.583998 0.419839 0.581811 0.894057 0.856125 0.288808 0.357866 0.894556 0.595481 0.369372 0.774493 3.063778 0.714749 0.934975 0.337447 0.619332 0.578794 1.076501 1.808514 1.380829 1.362977 1.837056 1.969990 1.613665 0.630195 7.758744 0.533322 6.001911 0.624430 6.759790 2.286429 0.481140 0.604749 2.634478 0.560465 0.862680 14.872933 0.564232 8.032779 4.361155 1.008432 0.895375 1.019200 1.518311 1.245224 3.545809 1.712967 0.391056 1.391894 1.977663 2.551378 0.585192 0.783545 0.780108 2.320137 0.495319 1.065748 3.362849 1.468048 1.089917 4.058458 0.374682 1.107914 0.688273 3.344844 10.384852 1.703973 3.546591 1.948538 0.432606 0.481911 0.598550 8.847998 0.679113 0.954723 0.930523 0.451420 0.856431 3.424222 4.537724 0.565897 1.000000 


Final LogLikelihood: -12068.748230

AIC score: 24225.496460 / AICc score: 24228.281270 / BIC score: 24458.299350
Free parameters (model + branch lengths): 44

Best ML tree saved to: /Users/kaitlynabshire/Desktop/Botany563/Botany563-Final-Project/multiple_seq_align/t-coffee/exd_protein.fasta.raxml.bestTree
All ML trees saved to: /Users/kaitlynabshire/Desktop/Botany563/Botany563-Final-Project/multiple_seq_align/t-coffee/exd_protein.fasta.raxml.mlTrees
Optimized model saved to: /Users/kaitlynabshire/Desktop/Botany563/Botany563-Final-Project/multiple_seq_align/t-coffee/exd_protein.fasta.raxml.bestModel

Execution log saved to: 
ERROR: File doesn't exist: exd_protein.fasta.raxml.log: unspecified iostream_category error

