
RAxML-NG v. 1.1.0 released on 29.11.2021 by The Exelixis Lab.
Developed by: Alexey M. Kozlov and Alexandros Stamatakis.
Contributors: Diego Darriba, Tomas Flouri, Benoit Morel, Sarah Lutteropp, Ben Bettisworth.
Latest version: https://github.com/amkozlov/raxml-ng
Questions/problems/suggestions? Please visit: https://groups.google.com/forum/#!forum/raxml

System: Apple M2 Pro, 12 cores, 16 GB RAM

RAxML-NG was called at 17-Apr-2023 19:41:37 as follows:

./raxml-ng -msa exd_protein.fasta -model VT+G4

Analysis options:
  run mode: ML tree search
  start tree(s): random (10) + parsimony (10)
  random seed: 1681778497
  tip-inner: OFF
  pattern compression: ON
  per-rate scalers: OFF
  site repeats: ON
  fast spr radius: AUTO
  spr subtree cutoff: 1.000000
  branch lengths: proportional (ML estimate, algorithm: NR-FAST)
  SIMD kernels: SSE3
  parallelization: coarse-grained (auto), PTHREADS (auto)

[00:00:00] Reading alignment from file: exd_protein.fasta
[00:00:00] Loaded alignment with 21 taxa and 880 sites

WARNING: Sequences Crassostrea_virginica and Pinctada_fucata are exactly identical!
WARNING: Duplicate sequences found: 1

NOTE: Reduced alignment (with duplicates and gap-only sites/taxa removed) 
NOTE: was saved to: /Users/kmabshire/Desktop/Software/raxml-ng_v1/exd_protein.fasta.raxml.reduced.phy

Alignment comprises 1 partitions and 505 patterns

Partition 0: noname
Model: VT+G4m
Alignment sites / patterns: 880 / 505
Gaps: 53.36 %
Invariant sites: 59.55 %


NOTE: Binary MSA file created: exd_protein.fasta.raxml.rba

Parallelization scheme autoconfig: 6 worker(s) x 2 thread(s)

Parallel reduction/worker buffer size: 1 KB  / 0 KB

[00:00:00] Generating 10 random starting tree(s) with 21 taxa
[00:00:00] Generating 10 parsimony starting tree(s) with 21 taxa
[00:00:00] Data distribution: max. partitions/sites/weight per thread: 1 / 253 / 20240
[00:00:00] Data distribution: max. searches per worker: 4

Starting ML tree search with 20 distinct starting trees

[00:00:00 -9292.012301] Initial branch length optimization
[00:00:00 -8768.309421] Model parameter optimization (eps = 10.000000)
[00:00:00 -8647.936503] AUTODETECT spr round 1 (radius: 5)
[00:00:01 -7426.338292] AUTODETECT spr round 2 (radius: 10)
[00:00:02 -7296.968132] AUTODETECT spr round 3 (radius: 15)
[00:00:02 -7296.960471] SPR radius for FAST iterations: 10 (autodetect)
[00:00:02 -7296.960471] Model parameter optimization (eps = 3.000000)
[00:00:02 -7294.697242] FAST spr round 1 (radius: 10)
[00:00:04 -7272.289822] FAST spr round 2 (radius: 10)
[00:00:06 -7272.282029] Model parameter optimization (eps = 1.000000)
[00:00:06 -7272.203456] SLOW spr round 1 (radius: 5)
[00:00:10 -7272.200988] SLOW spr round 2 (radius: 10)
[00:00:13 -7272.200042] SLOW spr round 3 (radius: 15)
[00:00:13 -7272.199633] SLOW spr round 4 (radius: 20)
[00:00:14 -7272.199457] Model parameter optimization (eps = 0.100000)

[00:00:14] [worker #0] ML tree search #1, logLikelihood: -7272.199007

[00:00:14 -9403.725744] Initial branch length optimization
[00:00:14 -8751.971975] Model parameter optimization (eps = 10.000000)
[00:00:14 -8626.217955] AUTODETECT spr round 1 (radius: 5)
[00:00:15 -7310.628211] AUTODETECT spr round 2 (radius: 10)
[00:00:16] [worker #3] ML tree search #4, logLikelihood: -7272.198927
[00:00:16 -7287.444074] AUTODETECT spr round 3 (radius: 15)
[00:00:16] [worker #4] ML tree search #5, logLikelihood: -7272.198956
[00:00:16 -7287.442881] SPR radius for FAST iterations: 10 (autodetect)
[00:00:16 -7287.442881] Model parameter optimization (eps = 3.000000)
[00:00:16 -7284.950629] FAST spr round 1 (radius: 10)
[00:00:16] [worker #5] ML tree search #6, logLikelihood: -7272.198920
[00:00:17] [worker #1] ML tree search #2, logLikelihood: -7273.450949
[00:00:18 -7272.801475] FAST spr round 2 (radius: 10)
[00:00:18] [worker #2] ML tree search #3, logLikelihood: -7273.450946
[00:00:20 -7272.290706] FAST spr round 3 (radius: 10)
[00:00:22 -7272.290674] Model parameter optimization (eps = 1.000000)
[00:00:22 -7272.199517] SLOW spr round 1 (radius: 5)
[00:00:26 -7272.199267] SLOW spr round 2 (radius: 10)
[00:00:28] [worker #4] ML tree search #11, logLikelihood: -7272.198946
[00:00:28] [worker #5] ML tree search #12, logLikelihood: -7272.198962
[00:00:29 -7272.199266] SLOW spr round 3 (radius: 15)
[00:00:30 -7272.199266] SLOW spr round 4 (radius: 20)
[00:00:30 -7272.199266] Model parameter optimization (eps = 0.100000)

[00:00:30] [worker #0] ML tree search #7, logLikelihood: -7272.198920

[00:00:30 -7843.167045] Initial branch length optimization
[00:00:30 -7343.126308] Model parameter optimization (eps = 10.000000)
[00:00:30 -7286.914301] AUTODETECT spr round 1 (radius: 5)
[00:00:31 -7272.282825] AUTODETECT spr round 2 (radius: 10)
[00:00:32 -7272.282505] SPR radius for FAST iterations: 5 (autodetect)
[00:00:32 -7272.282505] Model parameter optimization (eps = 3.000000)
[00:00:32 -7272.270511] FAST spr round 1 (radius: 5)
[00:00:33] [worker #3] ML tree search #10, logLikelihood: -7272.198906
[00:00:33] [worker #2] ML tree search #9, logLikelihood: -7272.198934
[00:00:33 -7272.201870] Model parameter optimization (eps = 1.000000)
[00:00:34 -7272.200689] SLOW spr round 1 (radius: 5)
[00:00:36] [worker #1] ML tree search #8, logLikelihood: -7272.198947
[00:00:38 -7272.199624] SLOW spr round 2 (radius: 10)
[00:00:39] [worker #5] ML tree search #18, logLikelihood: -7272.198963
[00:00:41 -7272.199207] SLOW spr round 3 (radius: 15)
[00:00:41 -7272.199035] SLOW spr round 4 (radius: 20)
[00:00:41] [worker #4] ML tree search #17, logLikelihood: -7272.198939
[00:00:41 -7272.198962] Model parameter optimization (eps = 0.100000)

[00:00:41] [worker #0] ML tree search #13, logLikelihood: -7272.198943

[00:00:41 -7820.245991] Initial branch length optimization
[00:00:41 -7346.920534] Model parameter optimization (eps = 10.000000)
[00:00:42 -7288.460284] AUTODETECT spr round 1 (radius: 5)
[00:00:42 -7274.335570] AUTODETECT spr round 2 (radius: 10)
[00:00:43 -7274.311049] SPR radius for FAST iterations: 5 (autodetect)
[00:00:43 -7274.311049] Model parameter optimization (eps = 3.000000)
[00:00:43 -7274.245947] FAST spr round 1 (radius: 5)
[00:00:45 -7272.202822] FAST spr round 2 (radius: 5)
[00:00:46] [worker #3] ML tree search #16, logLikelihood: -7272.198892
[00:00:47] [worker #2] ML tree search #15, logLikelihood: -7272.198938
[00:00:47 -7272.202454] Model parameter optimization (eps = 1.000000)
[00:00:47 -7272.199040] SLOW spr round 1 (radius: 5)
[00:00:50] [worker #1] ML tree search #14, logLikelihood: -7272.198902
[00:00:51 -7272.198947] SLOW spr round 2 (radius: 10)
[00:00:54 -7272.198916] SLOW spr round 3 (radius: 15)
[00:00:54 -7272.198904] SLOW spr round 4 (radius: 20)
[00:00:55 -7272.198899] Model parameter optimization (eps = 0.100000)

[00:00:55] [worker #0] ML tree search #19, logLikelihood: -7272.198897

[00:01:03] [worker #1] ML tree search #20, logLikelihood: -7272.198926

Optimized model parameters:

   Partition 0: noname
   Rate heterogeneity: GAMMA (4 cats, mean),  alpha: 0.420233 (ML),  weights&rates: (0.250000,0.019738) (0.250000,0.196702) (0.250000,0.752279) (0.250000,3.031281) 
   Base frequencies (model): 0.077076 0.050082 0.046238 0.053793 0.014453 0.040892 0.063358 0.065567 0.021880 0.059197 0.097646 0.059208 0.022070 0.041351 0.047687 0.070730 0.056776 0.012702 0.032375 0.066919 
   Substitution rates (model): 1.241269 1.218424 1.375937 2.473122 2.215517 2.337991 3.338656 0.961584 0.890820 1.077850 1.493206 1.900646 0.688344 2.735562 6.420896 5.289251 0.548858 0.541177 4.650189 1.572077 0.755065 1.441426 5.512082 1.354240 1.312170 4.923867 0.432301 0.838670 10.017331 1.248864 0.422495 1.309184 1.920299 1.336340 1.517014 0.891261 0.780702 7.858422 0.978468 3.014320 2.009343 2.411763 6.197438 0.917929 0.409831 4.403455 0.937880 0.504494 0.710372 6.123451 3.885251 0.180853 1.089493 0.458606 0.227249 1.656250 9.688345 1.914208 2.145964 0.216166 0.357421 1.452179 0.407524 0.167513 1.071461 2.216194 1.506684 0.249658 0.744762 0.459454 0.458747 0.451917 1.103461 1.519676 0.912667 1.408132 0.337109 1.221305 1.695395 0.432623 3.636682 1.755707 1.627518 2.157978 2.262746 6.812460 0.877611 7.994323 0.488273 1.331810 6.051909 1.910619 0.357343 2.301918 2.319370 2.157651 0.895908 0.918360 0.636693 1.386012 1.636008 0.403550 0.561072 4.329009 0.747194 0.231719 1.513281 1.827354 1.583998 0.419839 0.581811 0.894057 0.856125 0.288808 0.357866 0.894556 0.595481 0.369372 0.774493 3.063778 0.714749 0.934975 0.337447 0.619332 0.578794 1.076501 1.808514 1.380829 1.362977 1.837056 1.969990 1.613665 0.630195 7.758744 0.533322 6.001911 0.624430 6.759790 2.286429 0.481140 0.604749 2.634478 0.560465 0.862680 14.872933 0.564232 8.032779 4.361155 1.008432 0.895375 1.019200 1.518311 1.245224 3.545809 1.712967 0.391056 1.391894 1.977663 2.551378 0.585192 0.783545 0.780108 2.320137 0.495319 1.065748 3.362849 1.468048 1.089917 4.058458 0.374682 1.107914 0.688273 3.344844 10.384852 1.703973 3.546591 1.948538 0.432606 0.481911 0.598550 8.847998 0.679113 0.954723 0.930523 0.451420 0.856431 3.424222 4.537724 0.565897 1.000000 


Final LogLikelihood: -7272.198892

AIC score: 14624.397784 / AICc score: 14628.307200 / BIC score: 14815.594660
Free parameters (model + branch lengths): 40

WARNING: Best ML tree contains 1 near-zero branches!

Best ML tree with collapsed near-zero branches saved to: /Users/kmabshire/Desktop/Software/raxml-ng_v1/exd_protein.fasta.raxml.bestTreeCollapsed
Best ML tree saved to: /Users/kmabshire/Desktop/Software/raxml-ng_v1/exd_protein.fasta.raxml.bestTree
All ML trees saved to: /Users/kmabshire/Desktop/Software/raxml-ng_v1/exd_protein.fasta.raxml.mlTrees
Optimized model saved to: /Users/kmabshire/Desktop/Software/raxml-ng_v1/exd_protein.fasta.raxml.bestModel

Execution log saved to: /Users/kmabshire/Desktop/Software/raxml-ng_v1/exd_protein.fasta.raxml.log

Analysis started: 17-Apr-2023 19:41:37 / finished: 17-Apr-2023 19:42:41

Elapsed time: 63.737 seconds

