IQ-TREE multicore version 1.6.12 for Mac OS X 64-bit built Aug 15 2019
Developed by Bui Quang Minh, Nguyen Lam Tung, Olga Chernomor,
Heiko Schmidt, Dominik Schrempf, Michael Woodhams.

Host:    iBios-MBP.lan (SSE4.2, 16 GB RAM)
Command: /Users/kmabshire/desktop/software/iqtree-1.6.12-MacOSX/bin/iqtree -s exd_protein.fasta
Seed:    755602 (Using SPRNG - Scalable Parallel Random Number Generator)
Time:    Mon Apr 17 19:21:43 2023
Kernel:  SSE2 - 1 threads (12 CPU cores detected)

HINT: Use -nt option to specify number of threads because your CPU has 12 cores!
HINT: -nt AUTO will automatically determine the best number of threads to use.

Reading alignment file exd_protein.fasta ... Fasta format detected
Alignment most likely contains protein sequences
Alignment has 21 sequences with 880 columns, 505 distinct patterns
163 parsimony-informative, 193 singleton sites, 524 constant sites
                         Gap/Ambiguity  Composition  p-value
   1  Octopus_bimaculoides      55.45%    passed     85.31%
   2  Drosophila_melanogaster   57.27%    passed     97.34%
   3  Biomphalaria_glabrata     13.75%    failed      0.00%
   4  Patella_vulgata           56.82%    passed     99.89%
   5  Owenia_fusiformis         61.59%    passed     99.65%
   6  Haliotis_rufescens        43.18%    passed     98.43%
   7  Haliotis_rubra            50.34%    passed     99.67%
   8  Doryteuthis_pealeii       76.25%    failed      3.45%
   9  Candidula_unifasciata     57.73%    passed    100.00%
  10  Gigantopelta_aegis        50.68%    passed     99.74%
  11  Elysia_marginata          65.34%    passed      9.17%
  12  Aplysia_californica       58.07%    passed    100.00%
  13  Pecten_maximus            47.16%    passed     99.99%
  14  Elysia_chlorotic          58.41%    passed     99.99%
  15  Pomacea_canaliculata      55.00%    passed     99.94%
  16  Crassostrea_virginica     49.55%    passed    100.00%
  17  Crassostrea_gigas         50.80%    passed    100.00%
  18  Mizuhopecten_yessoensis   47.16%    passed     99.97%
  19  Cornu_aspersum            57.73%    passed    100.00%
  20  Sepia_sp.                 58.75%    passed     71.24%
  21  Pinctada_fucata           49.55%    passed    100.00%
WARNING: 15 sequences contain more than 50% gaps/ambiguity
****  TOTAL                     53.36%  2 sequences failed composition chi2 test (p-value<5%; df=19)
NOTE: Pinctada_fucata is identical to Crassostrea_virginica but kept for subsequent analysis


Create initial parsimony tree by phylogenetic likelihood library (PLL)... 0.002 seconds
NOTE: ModelFinder requires 17 MB RAM!
ModelFinder will test 546 protein models (sample size: 880) ...
 No. Model         -LnL         df  AIC          AICc         BIC
  1  Dayhoff       7807.464     39  15692.928    15696.642    15879.345
  2  Dayhoff+I     7521.224     40  15122.449    15126.358    15313.646
  3  Dayhoff+G4    7352.401     40  14784.802    14788.711    14975.999
  4  Dayhoff+I+G4  7350.712     41  14783.424    14787.534    14979.401
  5  Dayhoff+R2    7410.213     41  14902.425    14906.535    15098.402
  6  Dayhoff+R3    7368.793     43  14823.585    14828.112    15029.122
  7  Dayhoff+R4    7357.343     45  14804.687    14809.651    15019.783
  8  Dayhoff+R5    7353.679     47  14801.358    14806.781    15026.014
 14  Dayhoff+F     7755.875     58  15627.750    15636.086    15904.986
 15  Dayhoff+F+I   7462.186     59  15042.373    15051.007    15324.388
 16  Dayhoff+F+G4  7276.738     59  14671.476    14680.110    14953.492
 17  Dayhoff+F+I+G4 7275.432     60  14670.865    14679.802    14957.660
 18  Dayhoff+F+R2  7323.763     60  14767.526    14776.464    15054.321
 19  Dayhoff+F+R3  7291.179     62  14706.358    14715.920    15002.713
 20  Dayhoff+F+R4  7280.732     64  14689.464    14699.672    14995.379
 21  Dayhoff+F+R5  7278.468     66  14688.936    14699.814    15004.411
 27  mtMAM         8668.922     39  17415.843    17419.558    17602.260
 28  mtMAM+I       8223.310     40  16526.620    16530.530    16717.817
 29  mtMAM+G4      7875.652     40  15831.305    15835.214    16022.502
 30  mtMAM+I+G4    7871.361     41  15824.722    15828.832    16020.699
 31  mtMAM+R2      8024.416     41  16130.831    16134.941    16326.808
 32  mtMAM+R3      7950.113     43  15986.227    15990.753    16191.763
 33  mtMAM+R4      7920.451     45  15930.903    15935.867    16145.999
 34  mtMAM+R5      7911.756     47  15917.511    15922.935    16142.168
 35  mtMAM+R6      7911.702     49  15921.405    15927.309    16155.621
 40  mtMAM+F       8192.967     58  16501.933    16510.269    16779.169
 41  mtMAM+F+I     7780.166     59  15678.331    15686.966    15960.347
 42  mtMAM+F+G4    7475.797     59  15069.594    15078.228    15351.609
 43  mtMAM+F+I+G4  7471.044     60  15062.088    15071.026    15348.883
 44  mtMAM+F+R2    7572.072     60  15264.144    15273.082    15550.939
 45  mtMAM+F+R3    7519.095     62  15162.191    15171.752    15458.546
 46  mtMAM+F+R4    7506.229     64  15140.457    15150.666    15446.372
 47  mtMAM+F+R5    7499.823     66  15131.645    15142.524    15447.120
 53  JTT           7760.729     39  15599.458    15603.172    15785.875
 54  JTT+I         7466.030     40  15012.060    15015.969    15203.257
 55  JTT+G4        7318.932     40  14717.863    14721.773    14909.060
 56  JTT+I+G4      7315.423     41  14712.847    14716.956    14908.823
 57  JTT+R2        7333.954     41  14749.907    14754.017    14945.884
 58  JTT+R3        7320.042     43  14726.085    14730.611    14931.621
 59  JTT+R4        7317.783     45  14725.567    14730.531    14940.663
 66  JTT+F         7715.863     58  15547.726    15556.062    15824.961
 67  JTT+F+I       7423.646     59  14965.293    14973.927    15247.308
 68  JTT+F+G4      7263.457     59  14644.914    14653.548    14926.929
 69  JTT+F+I+G4    7260.862     60  14641.723    14650.661    14928.519
 70  JTT+F+R2      7277.877     60  14675.754    14684.691    14962.549
 71  JTT+F+R3      7263.567     62  14651.134    14660.696    14947.489
 72  JTT+F+R4      7261.567     64  14651.135    14661.343    14957.050
 79  WAG           7748.007     39  15574.013    15577.727    15760.430
 80  WAG+I         7449.948     40  14979.897    14983.806    15171.094
 81  WAG+G4        7312.895     40  14705.790    14709.699    14896.987
 82  WAG+I+G4      7309.874     41  14701.748    14705.858    14897.725
 83  WAG+R2        7331.056     41  14744.112    14748.221    14940.088
 84  WAG+R3        7313.182     43  14712.364    14716.891    14917.901
 85  WAG+R4        7312.156     45  14714.312    14719.276    14929.408
 92  WAG+F         7721.127     58  15558.255    15566.591    15835.490
 93  WAG+F+I       7419.619     59  14957.238    14965.872    15239.253
 94  WAG+F+G4      7265.986     59  14649.972    14658.606    14931.988
 95  WAG+F+I+G4    7263.996     60  14647.992    14656.930    14934.787
 96  WAG+F+R2      7285.643     60  14691.286    14700.224    14978.082
 97  WAG+F+R3      7265.413     62  14654.826    14664.388    14951.181
 98  WAG+F+R4      7264.696     64  14657.392    14667.601    14963.307
105  cpREV         7952.498     39  15982.996    15986.710    16169.413
106  cpREV+I       7619.545     40  15319.089    15322.999    15510.286
107  cpREV+G4      7438.782     40  14957.564    14961.473    15148.761
108  cpREV+I+G4    7435.226     41  14952.451    14956.561    15148.428
109  cpREV+R2      7459.623     41  15001.245    15005.355    15197.222
110  cpREV+R3      7438.339     43  14962.678    14967.205    15168.215
111  cpREV+R4      7437.780     45  14965.560    14970.524    15180.656
118  cpREV+F       7879.627     58  15875.253    15883.589    16152.489
119  cpREV+F+I     7546.224     59  15210.447    15219.081    15492.463
120  cpREV+F+G4    7334.596     59  14787.192    14795.826    15069.208
121  cpREV+F+I+G4  7332.081     60  14784.162    14793.099    15070.957
122  cpREV+F+R2    7358.713     60  14837.427    14846.365    15124.222
123  cpREV+F+R3    7335.677     62  14795.354    14804.916    15091.709
124  cpREV+F+R4    7335.123     64  14798.245    14808.454    15104.160
131  mtREV         8300.372     39  16678.743    16682.457    16865.160
132  mtREV+I       7947.210     40  15974.420    15978.330    16165.617
133  mtREV+G4      7719.861     40  15519.722    15523.632    15710.919
134  mtREV+I+G4    7714.783     41  15511.567    15515.676    15707.543
135  mtREV+R2      7755.595     41  15593.189    15597.299    15789.166
136  mtREV+R3      7725.655     43  15537.310    15541.837    15742.847
137  mtREV+R4      7721.604     45  15533.207    15538.171    15748.304
144  mtREV+F       7928.422     58  15972.844    15981.180    16250.079
145  mtREV+F+I     7593.391     59  15304.782    15313.416    15586.797
146  mtREV+F+G4    7359.871     59  14837.743    14846.377    15119.758
147  mtREV+F+I+G4  7357.220     60  14834.440    14843.377    15121.235
148  mtREV+F+R2    7389.215     60  14898.431    14907.369    15185.226
149  mtREV+F+R3    7362.348     62  14848.696    14858.258    15145.051
150  mtREV+F+R4    7359.964     64  14847.927    14858.136    15153.842
157  rtREV         7866.347     39  15810.694    15814.408    15997.111
158  rtREV+I       7538.588     40  15157.176    15161.085    15348.373
159  rtREV+G4      7390.660     40  14861.320    14865.229    15052.516
160  rtREV+I+G4    7386.455     41  14854.911    14859.020    15050.887
161  rtREV+R2      7417.011     41  14916.023    14920.132    15111.999
162  rtREV+R3      7391.767     43  14869.534    14874.061    15075.071
163  rtREV+R4      7387.736     45  14865.472    14870.436    15080.568
170  rtREV+F       7757.023     58  15630.046    15638.382    15907.282
171  rtREV+F+I     7445.787     59  15009.574    15018.208    15291.589
172  rtREV+F+G4    7281.085     59  14680.169    14688.803    14962.185
173  rtREV+F+I+G4  7278.173     60  14676.345    14685.283    14963.141
174  rtREV+F+R2    7302.984     60  14725.967    14734.905    15012.763
175  rtREV+F+R3    7282.501     62  14689.002    14698.564    14985.357
176  rtREV+F+R4    7277.084     64  14682.167    14692.376    14988.082
183  mtART         8517.184     39  17112.369    17116.083    17298.786
184  mtART+I       8062.713     40  16205.425    16209.334    16396.622
185  mtART+G4      7767.358     40  15614.716    15618.626    15805.913
186  mtART+I+G4    7758.761     41  15599.522    15603.632    15795.499
187  mtART+R2      7837.610     41  15757.219    15761.329    15953.196
188  mtART+R3      7778.073     43  15642.146    15646.672    15847.682
189  mtART+R4      7769.976     45  15629.953    15634.917    15845.049
190  mtART+R5      7769.927     47  15633.854    15639.278    15858.511
196  mtART+F       8079.925     58  16275.851    16284.187    16553.086
197  mtART+F+I     7697.512     59  15513.023    15521.658    15795.039
198  mtART+F+G4    7411.113     59  14940.227    14948.861    15222.242
199  mtART+F+I+G4  7407.208     60  14934.416    14943.353    15221.211
200  mtART+F+R2    7466.184     60  15052.367    15061.305    15339.162
201  mtART+F+R3    7424.975     62  14973.950    14983.512    15270.306
202  mtART+F+R4    7414.868     64  14957.735    14967.944    15263.650
203  mtART+F+R5    7414.808     66  14961.617    14972.495    15277.092
209  mtZOA         8285.503     39  16649.005    16652.720    16835.422
210  mtZOA+I       7911.807     40  15903.614    15907.523    16094.811
211  mtZOA+G4      7664.399     40  15408.797    15412.707    15599.994
212  mtZOA+I+G4    7657.826     41  15397.653    15401.763    15593.630
213  mtZOA+R2      7708.902     41  15499.803    15503.913    15695.780
214  mtZOA+R3      7670.926     43  15427.852    15432.378    15633.389
215  mtZOA+R4      7663.978     45  15417.957    15422.921    15633.053
216  mtZOA+R5      7663.961     47  15421.921    15427.344    15646.577
222  mtZOA+F       7934.621     58  15985.242    15993.578    16262.478
223  mtZOA+F+I     7606.460     59  15330.920    15339.554    15612.936
224  mtZOA+F+G4    7357.264     59  14832.528    14841.162    15114.544
225  mtZOA+F+I+G4  7356.672     60  14833.344    14842.282    15120.140
226  mtZOA+F+R2    7390.868     60  14901.736    14910.673    15188.531
227  mtZOA+F+R3    7367.603     62  14859.206    14868.768    15155.562
228  mtZOA+F+R4    7358.317     64  14844.634    14854.843    15150.549
229  mtZOA+F+R5    7358.315     66  14848.629    14859.507    15164.104
235  VT            7675.636     39  15429.272    15432.986    15615.689
236  VT+I          7395.504     40  14871.009    14874.918    15062.206
237  VT+G4         7279.551     40  14639.103    14643.012    14830.300
238  VT+I+G4       7276.598     41  14635.196    14639.306    14831.173
239  VT+R2         7290.176     41  14662.352    14666.462    14858.329
240  VT+R3         7274.366     43  14634.732    14639.259    14840.269
241  VT+R4         7273.124     45  14636.248    14641.212    14851.344
248  VT+F          7634.099     58  15384.199    15392.535    15661.434
249  VT+F+I        7357.852     59  14833.704    14842.338    15115.719
250  VT+F+G4       7229.831     59  14577.662    14586.296    14859.678
251  VT+F+I+G4     7227.799     60  14575.597    14584.535    14862.393
252  VT+F+R2       7240.938     60  14601.876    14610.814    14888.672
253  VT+F+R3       7224.731     62  14573.463    14583.025    14869.818
254  VT+F+R4       7223.424     64  14574.847    14585.056    14880.762
261  LG            7822.026     39  15722.052    15725.766    15908.469
262  LG+I          7502.757     40  15085.515    15089.424    15276.711
263  LG+G4         7351.060     40  14782.119    14786.028    14973.316
264  LG+I+G4       7346.612     41  14775.225    14779.334    14971.201
265  LG+R2         7375.471     41  14832.942    14837.052    15028.919
266  LG+R3         7352.143     43  14790.287    14794.813    14995.823
267  LG+R4         7346.932     45  14783.864    14788.828    14998.961
274  LG+F          7742.427     58  15600.855    15609.191    15878.090
275  LG+F+I        7437.082     59  14992.164    15000.798    15274.179
276  LG+F+G4       7266.479     59  14650.958    14659.592    14932.973
277  LG+F+I+G4     7263.630     60  14647.260    14656.197    14934.055
278  LG+F+R2       7287.817     60  14695.634    14704.572    14982.430
279  LG+F+R3       7267.569     62  14659.137    14668.699    14955.493
280  LG+F+R4       7262.082     64  14652.164    14662.373    14958.079
287  DCMut         7805.818     39  15689.636    15693.351    15876.053
288  DCMut+I       7519.855     40  15119.709    15123.619    15310.906
289  DCMut+G4      7351.797     40  14783.593    14787.503    14974.790
290  DCMut+I+G4    7349.879     41  14781.758    14785.868    14977.735
291  DCMut+R2      7370.788     41  14823.577    14827.686    15019.553
292  DCMut+R3      7350.914     43  14787.827    14792.354    14993.364
293  DCMut+R4      7346.889     45  14783.778    14788.742    14998.874
300  DCMut+F       7753.934     58  15623.868    15632.204    15901.103
301  DCMut+F+I     7460.713     59  15039.427    15048.061    15321.442
302  DCMut+F+G4    7276.099     59  14670.197    14678.831    14952.213
303  DCMut+F+I+G4  7274.471     60  14668.942    14677.880    14955.738
304  DCMut+F+R2    7296.651     60  14713.302    14722.240    15000.098
305  DCMut+F+R3    7274.748     62  14673.497    14683.059    14969.852
306  DCMut+F+R4    7271.169     64  14670.338    14680.547    14976.253
313  PMB           7720.362     39  15518.724    15522.438    15705.141
314  PMB+I         7436.676     40  14953.352    14957.262    15144.549
315  PMB+G4        7330.618     40  14741.237    14745.146    14932.434
316  PMB+I+G4      7327.231     41  14736.463    14740.572    14932.439
317  PMB+R2        7343.239     41  14768.478    14772.588    14964.455
318  PMB+R3        7324.650     43  14735.301    14739.827    14940.837
319  PMB+R4        7324.326     45  14738.652    14743.616    14953.748
326  PMB+F         7644.353     58  15404.705    15413.042    15681.941
327  PMB+F+I       7364.681     59  14847.362    14855.997    15129.378
328  PMB+F+G4      7243.834     59  14605.667    14614.302    14887.683
329  PMB+F+I+G4    7241.562     60  14603.124    14612.061    14889.919
330  PMB+F+R2      7256.754     60  14633.508    14642.445    14920.303
331  PMB+F+R3      7238.303     62  14600.605    14610.167    14896.960
332  PMB+F+R4      7237.616     64  14603.231    14613.440    14909.146
339  HIVb          8235.056     39  16548.112    16551.826    16734.528
340  HIVb+I        7801.590     40  15683.181    15687.090    15874.378
341  HIVb+G4       7564.781     40  15209.562    15213.471    15400.758
342  HIVb+I+G4     7556.095     41  15194.190    15198.300    15390.167
343  HIVb+R2       7607.192     41  15296.385    15300.495    15492.362
344  HIVb+R3       7565.789     43  15217.579    15222.105    15423.116
345  HIVb+R4       7560.982     45  15211.965    15216.929    15427.061
352  HIVb+F        8099.331     58  16314.662    16322.998    16591.897
353  HIVb+F+I      7685.077     59  15488.154    15496.788    15770.169
354  HIVb+F+G4     7419.467     59  14956.934    14965.569    15238.950
355  HIVb+F+I+G4   7413.041     60  14946.081    14955.019    15232.877
356  HIVb+F+R2     7461.774     60  15043.548    15052.486    15330.343
357  HIVb+F+R3     7421.165     62  14966.329    14975.891    15262.684
358  HIVb+F+R4     7417.482     64  14962.963    14973.172    15268.878
365  HIVw          8518.074     39  17114.147    17117.861    17300.564
366  HIVw+I        8059.370     40  16198.740    16202.650    16389.937
367  HIVw+G4       7791.275     40  15662.549    15666.459    15853.746
368  HIVw+I+G4     7784.353     41  15650.705    15654.815    15846.682
369  HIVw+R2       7849.941     41  15781.881    15785.991    15977.858
370  HIVw+R3       7806.369     43  15698.737    15703.264    15904.274
371  HIVw+R4       7795.729     45  15681.458    15686.422    15896.554
372  HIVw+R5       7794.133     47  15682.266    15687.689    15906.922
378  HIVw+F        8260.910     58  16637.819    16646.155    16915.055
379  HIVw+F+I      7800.564     59  15719.127    15727.761    16001.143
380  HIVw+F+G4     7527.624     59  15173.249    15181.883    15455.264
381  HIVw+F+I+G4   7520.244     60  15160.488    15169.426    15447.284
382  HIVw+F+R2     7586.277     60  15292.553    15301.491    15579.349
383  HIVw+F+R3     7538.462     62  15200.924    15210.486    15497.279
384  HIVw+F+R4     7531.061     64  15190.121    15200.330    15496.036
385  HIVw+F+R5     7529.696     66  15191.392    15202.270    15506.867
391  JTTDCMut      7768.537     39  15615.074    15618.788    15801.491
392  JTTDCMut+I    7472.163     40  15024.326    15028.235    15215.522
393  JTTDCMut+G4   7323.257     40  14726.513    14730.423    14917.710
394  JTTDCMut+I+G4 7319.814     41  14721.627    14725.737    14917.604
395  JTTDCMut+R2   7335.911     41  14753.821    14757.931    14949.798
396  JTTDCMut+R3   7317.910     43  14721.819    14726.346    14927.356
397  JTTDCMut+R4   7315.351     45  14720.703    14725.667    14935.799
404  JTTDCMut+F    7723.529     58  15563.058    15571.394    15840.294
405  JTTDCMut+F+I  7429.493     59  14976.986    14985.620    15259.001
406  JTTDCMut+F+G4 7267.114     59  14652.229    14660.863    14934.244
407  JTTDCMut+F+I+G4 7263.930     60  14647.860    14656.797    14934.655
408  JTTDCMut+F+R2 7280.782     60  14681.564    14690.501    14968.359
409  JTTDCMut+F+R3 7261.976     62  14647.953    14657.515    14944.308
410  JTTDCMut+F+R4 7259.213     64  14646.425    14656.634    14952.340
417  FLU           8078.153     39  16234.306    16238.021    16420.723
418  FLU+I         7672.592     40  15425.183    15429.092    15616.380
419  FLU+G4        7466.589     40  15013.178    15017.088    15204.375
420  FLU+I+G4      7458.801     41  14999.602    15003.712    15195.579
421  FLU+R2        7507.770     41  15097.539    15101.649    15293.516
422  FLU+R3        7465.644     43  15017.288    15021.815    15222.825
423  FLU+R4        7461.855     45  15013.710    15018.674    15228.806
430  FLU+F         7990.346     58  16096.693    16105.029    16373.928
431  FLU+F+I       7580.658     59  15279.317    15287.951    15561.332
432  FLU+F+G4      7368.584     59  14855.169    14863.803    15137.184
433  FLU+F+I+G4    7360.953     60  14841.907    14850.844    15128.702
434  FLU+F+R2      7410.603     60  14941.206    14950.143    15228.001
435  FLU+F+R3      7367.945     62  14859.889    14869.451    15156.244
436  FLU+F+R4      7364.382     64  14856.764    14866.973    15162.679
443  Blosum62      7750.333     39  15578.666    15582.380    15765.083
444  Blosum62+I    7460.889     40  15001.778    15005.687    15192.975
445  Blosum62+G4   7351.358     40  14782.717    14786.626    14973.914
446  Blosum62+I+G4 7347.544     41  14777.087    14781.197    14973.064
447  Blosum62+R2   7363.436     41  14808.871    14812.981    15004.848
448  Blosum62+R3   7345.694     43  14777.388    14781.914    14982.924
449  Blosum62+R4   7344.425     45  14778.850    14783.814    14993.946
456  Blosum62+F    7670.565     58  15457.130    15465.466    15734.365
457  Blosum62+F+I  7385.260     59  14888.520    14897.154    15170.536
458  Blosum62+F+G4 7258.329     59  14634.658    14643.292    14916.674
459  Blosum62+F+I+G4 7255.270     60  14630.541    14639.479    14917.336
460  Blosum62+F+R2 7270.686     60  14661.371    14670.309    14948.166
461  Blosum62+F+R3 7253.247     62  14630.495    14640.057    14926.850
462  Blosum62+F+R4 7251.517     64  14631.034    14641.242    14936.949
469  mtMet         8330.617     39  16739.233    16742.947    16925.650
470  mtMet+I       7986.044     40  16052.088    16055.997    16243.284
471  mtMet+G4      7766.680     40  15613.361    15617.270    15804.557
472  mtMet+I+G4    7761.322     41  15604.644    15608.753    15800.620
473  mtMet+R2      7796.779     41  15675.557    15679.667    15871.534
474  mtMet+R3      7764.949     43  15615.898    15620.424    15821.435
475  mtMet+R4      7760.384     45  15610.768    15615.732    15825.865
482  mtMet+F       7878.137     58  15872.274    15880.611    16149.510
483  mtMet+F+I     7566.286     59  15250.572    15259.206    15532.587
484  mtMet+F+G4    7345.893     59  14809.786    14818.420    15091.801
485  mtMet+F+I+G4  7342.823     60  14805.647    14814.584    15092.442
486  mtMet+F+R2    7373.072     60  14866.144    14875.081    15152.939
487  mtMet+F+R3    7349.238     62  14822.476    14832.038    15118.832
488  mtMet+F+R4    7343.641     64  14815.282    14825.490    15121.197
495  mtVer         8444.207     39  16966.415    16970.129    17152.832
496  mtVer+I       8074.302     40  16228.603    16232.513    16419.800
497  mtVer+G4      7809.828     40  15699.655    15703.565    15890.852
498  mtVer+I+G4    7805.907     41  15693.815    15697.925    15889.792
499  mtVer+R2      7855.158     41  15792.315    15796.425    15988.292
500  mtVer+R3      7815.531     43  15717.062    15721.588    15922.598
501  mtVer+R4      7808.711     45  15707.422    15712.386    15922.519
502  mtVer+R5      7808.681     47  15711.362    15716.785    15936.018
508  mtVer+F       8019.463     58  16154.926    16163.262    16432.162
509  mtVer+F+I     7666.473     59  15450.947    15459.581    15732.962
510  mtVer+F+G4    7417.689     59  14953.377    14962.011    15235.392
511  mtVer+F+I+G4  7412.611     60  14945.222    14954.159    15232.017
512  mtVer+F+R2    7455.036     60  15030.072    15039.010    15316.868
513  mtVer+F+R3    7422.298     62  14968.597    14978.158    15264.952
514  mtVer+F+R4    7416.280     64  14960.559    14970.768    15266.474
521  mtInv         8315.207     39  16708.415    16712.129    16894.832
522  mtInv+I       7986.397     40  16052.795    16056.704    16243.991
523  mtInv+G4      7806.925     40  15693.850    15697.759    15885.047
524  mtInv+I+G4    7802.555     41  15687.111    15691.221    15883.088
525  mtInv+R2      7825.251     41  15732.502    15736.612    15928.479
526  mtInv+R3      7800.352     43  15686.705    15691.231    15892.242
527  mtInv+R4      7798.309     45  15686.618    15691.582    15901.715
534  mtInv+F       7782.121     58  15680.243    15688.579    15957.478
535  mtInv+F+I     7490.166     59  15098.332    15106.966    15380.347
536  mtInv+F+G4    7300.622     59  14719.244    14727.878    15001.259
537  mtInv+F+I+G4  7297.702     60  14715.404    14724.341    15002.199
538  mtInv+F+R2    7320.816     60  14761.631    14770.569    15048.427
539  mtInv+F+R3    7302.179     62  14728.359    14737.920    15024.714
540  mtInv+F+R4    7296.946     64  14721.892    14732.100    15027.807
Akaike Information Criterion:           VT+F+R3
Corrected Akaike Information Criterion: VT+F+R3
Bayesian Information Criterion:         VT+G4
Best-fit model: VT+G4 chosen according to BIC

All model information printed to exd_protein.fasta.model.gz
CPU time for ModelFinder: 165.708 seconds (0h:2m:45s)
Wall-clock time for ModelFinder: 166.426 seconds (0h:2m:46s)

NOTE: 6 MB RAM (0 GB) is required!
Estimate model parameters (epsilon = 0.100)
1. Initial log-likelihood: -7343.986
2. Current log-likelihood: -7283.972
3. Current log-likelihood: -7279.595
Optimal log-likelihood: -7279.552
Gamma shape alpha: 0.418
Parameters optimization took 3 rounds (0.564 sec)
Computing ML distances based on estimated model parameters... 0.157 sec
Computing BIONJ tree...
0.001 seconds
Log-likelihood of BIONJ tree: -7288.298
--------------------------------------------------------------------
|             INITIALIZING CANDIDATE TREE SET                      |
--------------------------------------------------------------------
Generating 98 parsimony trees... 0.265 second
Computing log-likelihood of 98 initial trees ... 6.519 seconds
Current best score: -7277.112

Do NNI search on 20 best initial trees
Estimate model parameters (epsilon = 0.100)
BETTER TREE FOUND at iteration 1: -7274.161
Estimate model parameters (epsilon = 0.100)
BETTER TREE FOUND at iteration 6: -7272.211
UPDATE BEST LOG-LIKELIHOOD: -7272.211
UPDATE BEST LOG-LIKELIHOOD: -7272.203
Iteration 10 / LogL: -7272.205 / Time: 0h:0m:14s
UPDATE BEST LOG-LIKELIHOOD: -7272.203
Iteration 20 / LogL: -7272.214 / Time: 0h:0m:21s
Finish initializing candidate tree set (2)
Current best tree score: -7272.203 / CPU time: 20.163
Number of iterations: 20
--------------------------------------------------------------------
|               OPTIMIZING CANDIDATE TREE SET                      |
--------------------------------------------------------------------
UPDATE BEST LOG-LIKELIHOOD: -7272.202
Iteration 30 / LogL: -7272.207 / Time: 0h:0m:30s (0h:1m:18s left)
Iteration 40 / LogL: -7274.180 / Time: 0h:0m:37s (0h:1m:4s left)
UPDATE BEST LOG-LIKELIHOOD: -7272.201
Iteration 50 / LogL: -7273.800 / Time: 0h:0m:46s (0h:0m:52s left)
Iteration 60 / LogL: -7278.479 / Time: 0h:0m:54s (0h:0m:42s left)
Iteration 70 / LogL: -7274.483 / Time: 0h:1m:3s (0h:0m:33s left)
UPDATE BEST LOG-LIKELIHOOD: -7272.200
Iteration 80 / LogL: -7277.900 / Time: 0h:1m:11s (0h:0m:23s left)
Iteration 90 / LogL: -7274.186 / Time: 0h:1m:20s (0h:0m:14s left)
Iteration 100 / LogL: -7273.467 / Time: 0h:1m:29s (0h:0m:5s left)
TREE SEARCH COMPLETED AFTER 107 ITERATIONS / Time: 0h:1m:35s

--------------------------------------------------------------------
|                    FINALIZING TREE SEARCH                        |
--------------------------------------------------------------------
Performs final model parameters optimization
Estimate model parameters (epsilon = 0.010)
1. Initial log-likelihood: -7272.200
Optimal log-likelihood: -7272.200
Gamma shape alpha: 0.420
Parameters optimization took 1 rounds (0.100 sec)
BEST SCORE FOUND : -7272.200
Total tree length: 5.195

Total number of iterations: 107
CPU time used for tree search: 94.098 sec (0h:1m:34s)
Wall-clock time used for tree search: 94.254 sec (0h:1m:34s)
Total CPU time used: 95.163 sec (0h:1m:35s)
Total wall-clock time used: 95.329 sec (0h:1m:35s)

Analysis results written to: 
  IQ-TREE report:                exd_protein.fasta.iqtree
  Maximum-likelihood tree:       exd_protein.fasta.treefile
  Likelihood distances:          exd_protein.fasta.mldist
  Screen log file:               exd_protein.fasta.log

Date and Time: Mon Apr 17 19:26:05 2023
