
RAxML-NG v. 1.0.2 released on 22.02.2021 by The Exelixis Lab.
Developed by: Alexey M. Kozlov and Alexandros Stamatakis.
Contributors: Diego Darriba, Tomas Flouri, Benoit Morel, Sarah Lutteropp, Ben Bettisworth.
Latest version: https://github.com/amkozlov/raxml-ng
Questions/problems/suggestions? Please visit: https://groups.google.com/forum/#!forum/raxml

System: Intel(R) Core(TM) i5-5350U CPU @ 1.80GHz, 2 cores, 8 GB RAM

RAxML-NG was called at 20-Mar-2023 10:36:03 as follows:

/Users/kaitlynabshire/Dropbox/software/raxml-ng -msa exd_protein.fasta -model LG+G

Analysis options:
  run mode: ML tree search
  start tree(s): random (10) + parsimony (10)
  random seed: 1679326563
  tip-inner: OFF
  pattern compression: ON
  per-rate scalers: OFF
  site repeats: ON
  fast spr radius: AUTO
  spr subtree cutoff: 1.000000
  branch lengths: proportional (ML estimate, algorithm: NR-FAST)
  SIMD kernels: AVX2
  parallelization: coarse-grained (auto), PTHREADS (auto)

[00:00:00] Reading alignment from file: exd_protein.fasta
[00:00:00] Loaded alignment with 22 taxa and 1467 sites

Alignment comprises 1 partitions and 747 patterns

Partition 0: noname
Model: LG+G4m
Alignment sites / patterns: 1467 / 747
Gaps: 72.37 %
Invariant sites: 62.30 %


NOTE: Binary MSA file created: exd_protein.fasta.raxml.rba

Parallelization scheme autoconfig: 1 worker(s) x 2 thread(s)

Parallel reduction/worker buffer size: 1 KB  / 0 KB

[00:00:00] Generating 10 random starting tree(s) with 22 taxa
[00:00:00] Generating 10 parsimony starting tree(s) with 22 taxa
[00:00:00] Data distribution: max. partitions/sites/weight per thread: 1 / 374 / 29920
[00:00:00] Data distribution: max. searches per worker: 20

Starting ML tree search with 20 distinct starting trees

[00:00:00 -15519.043837] Initial branch length optimization
[00:00:00 -12936.384426] Model parameter optimization (eps = 10.000000)
[00:00:00 -12863.362247] AUTODETECT spr round 1 (radius: 5)
[00:00:01 -12323.176964] AUTODETECT spr round 2 (radius: 10)
[00:00:01 -12310.676260] AUTODETECT spr round 3 (radius: 15)
[00:00:02 -12310.658997] SPR radius for FAST iterations: 10 (autodetect)
[00:00:02 -12310.658997] Model parameter optimization (eps = 3.000000)
[00:00:02 -12285.936341] FAST spr round 1 (radius: 10)
[00:00:04 -12278.130003] FAST spr round 2 (radius: 10)
[00:00:06 -12277.413477] FAST spr round 3 (radius: 10)
[00:00:08 -12276.482312] FAST spr round 4 (radius: 10)
[00:00:10 -12275.465071] FAST spr round 5 (radius: 10)
[00:00:12 -12275.361556] FAST spr round 6 (radius: 10)
[00:00:14 -12275.359183] Model parameter optimization (eps = 1.000000)
[00:00:14 -12275.104939] SLOW spr round 1 (radius: 5)
[00:00:18 -12275.080346] SLOW spr round 2 (radius: 10)
[00:00:21 -12275.077910] SLOW spr round 3 (radius: 15)
[00:00:22 -12275.077552] SLOW spr round 4 (radius: 20)
[00:00:22 -12275.077465] Model parameter optimization (eps = 0.100000)

[00:00:23] ML tree search #1, logLikelihood: -12275.012345

[00:00:23 -15509.918777] Initial branch length optimization
[00:00:23 -12877.739844] Model parameter optimization (eps = 10.000000)
[00:00:23 -12789.326765] AUTODETECT spr round 1 (radius: 5)
[00:00:24 -12406.393965] AUTODETECT spr round 2 (radius: 10)
[00:00:24 -12362.754364] AUTODETECT spr round 3 (radius: 15)
[00:00:25 -12362.070107] AUTODETECT spr round 4 (radius: 20)
[00:00:25 -12362.054882] SPR radius for FAST iterations: 15 (autodetect)
[00:00:25 -12362.054882] Model parameter optimization (eps = 3.000000)
[00:00:25 -12358.149478] FAST spr round 1 (radius: 15)
[00:00:27 -12298.934491] FAST spr round 2 (radius: 15)
[00:00:29 -12291.777660] FAST spr round 3 (radius: 15)
[00:00:30 -12290.869610] FAST spr round 4 (radius: 15)
[00:00:32 -12290.869346] Model parameter optimization (eps = 1.000000)
[00:00:32 -12276.158129] SLOW spr round 1 (radius: 5)
[00:00:35 -12275.817899] SLOW spr round 2 (radius: 5)
[00:00:38 -12275.576856] SLOW spr round 3 (radius: 5)
[00:00:42 -12275.390129] SLOW spr round 4 (radius: 5)
[00:00:46 -12275.361313] SLOW spr round 5 (radius: 10)
[00:00:48 -12275.350971] SLOW spr round 6 (radius: 15)
[00:00:49 -12275.347172] SLOW spr round 7 (radius: 20)
[00:00:49 -12275.345792] Model parameter optimization (eps = 0.100000)

[00:00:49] ML tree search #2, logLikelihood: -12275.045743

[00:00:49 -15300.460472] Initial branch length optimization
[00:00:49 -12815.460062] Model parameter optimization (eps = 10.000000)
[00:00:50 -12741.894290] AUTODETECT spr round 1 (radius: 5)
[00:00:50 -12371.995655] AUTODETECT spr round 2 (radius: 10)
[00:00:51 -12360.302213] AUTODETECT spr round 3 (radius: 15)
[00:00:51 -12360.300943] SPR radius for FAST iterations: 10 (autodetect)
[00:00:51 -12360.300943] Model parameter optimization (eps = 3.000000)
[00:00:51 -12342.518053] FAST spr round 1 (radius: 10)
[00:00:53 -12289.413919] FAST spr round 2 (radius: 10)
[00:00:55 -12280.706407] FAST spr round 3 (radius: 10)
[00:00:56 -12277.731539] FAST spr round 4 (radius: 10)
[00:00:58 -12276.790443] FAST spr round 5 (radius: 10)
[00:01:00 -12276.699889] Model parameter optimization (eps = 1.000000)
[00:01:00 -12275.257347] SLOW spr round 1 (radius: 5)
[00:01:03 -12275.179354] SLOW spr round 2 (radius: 10)
[00:01:06 -12275.171686] SLOW spr round 3 (radius: 15)
[00:01:07 -12275.170721] SLOW spr round 4 (radius: 20)
[00:01:07 -12275.170507] Model parameter optimization (eps = 0.100000)

[00:01:07] ML tree search #3, logLikelihood: -12275.016997

[00:01:07 -15481.657445] Initial branch length optimization
[00:01:07 -12847.805569] Model parameter optimization (eps = 10.000000)
[00:01:07 -12778.855906] AUTODETECT spr round 1 (radius: 5)
[00:01:08 -12366.081630] AUTODETECT spr round 2 (radius: 10)
[00:01:09 -12323.405656] AUTODETECT spr round 3 (radius: 15)
[00:01:09 -12323.400193] SPR radius for FAST iterations: 10 (autodetect)
[00:01:09 -12323.400193] Model parameter optimization (eps = 3.000000)
[00:01:09 -12303.259615] FAST spr round 1 (radius: 10)
[00:01:11 -12277.775313] FAST spr round 2 (radius: 10)
[00:01:12 -12275.952050] FAST spr round 3 (radius: 10)
[00:01:14 -12275.853625] Model parameter optimization (eps = 1.000000)
[00:01:14 -12275.224451] SLOW spr round 1 (radius: 5)
[00:01:17 -12275.187659] SLOW spr round 2 (radius: 10)
[00:01:20 -12275.183331] SLOW spr round 3 (radius: 15)
[00:01:21 -12275.182578] SLOW spr round 4 (radius: 20)
[00:01:21 -12275.182344] Model parameter optimization (eps = 0.100000)

[00:01:21] ML tree search #4, logLikelihood: -12275.018051

[00:01:21 -15462.469396] Initial branch length optimization
[00:01:21 -12887.366410] Model parameter optimization (eps = 10.000000)
[00:01:21 -12820.135713] AUTODETECT spr round 1 (radius: 5)
[00:01:22 -12387.410299] AUTODETECT spr round 2 (radius: 10)
[00:01:23 -12314.864717] AUTODETECT spr round 3 (radius: 15)
[00:01:23 -12314.829143] SPR radius for FAST iterations: 10 (autodetect)
[00:01:23 -12314.829143] Model parameter optimization (eps = 3.000000)
[00:01:23 -12294.875048] FAST spr round 1 (radius: 10)
[00:01:25 -12276.167773] FAST spr round 2 (radius: 10)
[00:01:26 -12276.064714] FAST spr round 3 (radius: 10)
[00:01:27 -12276.064660] Model parameter optimization (eps = 1.000000)
[00:01:28 -12275.305387] SLOW spr round 1 (radius: 5)
[00:01:31 -12275.234212] SLOW spr round 2 (radius: 10)
[00:01:33 -12275.228213] SLOW spr round 3 (radius: 15)
[00:01:34 -12275.227649] SLOW spr round 4 (radius: 20)
[00:01:35 -12275.227568] Model parameter optimization (eps = 0.100000)

[00:01:35] ML tree search #5, logLikelihood: -12275.025164

[00:01:35 -15722.758971] Initial branch length optimization
[00:01:35 -12966.659671] Model parameter optimization (eps = 10.000000)
[00:01:35 -12894.959465] AUTODETECT spr round 1 (radius: 5)
[00:01:36 -12363.948919] AUTODETECT spr round 2 (radius: 10)
[00:01:37 -12343.361599] AUTODETECT spr round 3 (radius: 15)
[00:01:37 -12343.317499] SPR radius for FAST iterations: 10 (autodetect)
[00:01:37 -12343.317499] Model parameter optimization (eps = 3.000000)
[00:01:37 -12324.842134] FAST spr round 1 (radius: 10)
[00:01:39 -12280.856799] FAST spr round 2 (radius: 10)
[00:01:40 -12277.125209] FAST spr round 3 (radius: 10)
[00:01:42 -12276.183388] FAST spr round 4 (radius: 10)
[00:01:43 -12276.181609] Model parameter optimization (eps = 1.000000)
[00:01:43 -12275.320238] SLOW spr round 1 (radius: 5)
[00:01:46 -12275.258861] SLOW spr round 2 (radius: 10)
[00:01:49 -12275.254100] SLOW spr round 3 (radius: 15)
[00:01:50 -12275.253449] SLOW spr round 4 (radius: 20)
[00:01:50 -12275.253282] Model parameter optimization (eps = 0.100000)

[00:01:50] ML tree search #6, logLikelihood: -12275.024143

[00:01:50 -15655.120954] Initial branch length optimization
[00:01:50 -12934.734398] Model parameter optimization (eps = 10.000000)
[00:01:51 -12865.749411] AUTODETECT spr round 1 (radius: 5)
[00:01:51 -12376.714915] AUTODETECT spr round 2 (radius: 10)
[00:01:52 -12323.640102] AUTODETECT spr round 3 (radius: 15)
[00:01:52 -12321.251905] AUTODETECT spr round 4 (radius: 20)
[00:01:52 -12321.248288] SPR radius for FAST iterations: 15 (autodetect)
[00:01:52 -12321.248288] Model parameter optimization (eps = 3.000000)
[00:01:53 -12302.745808] FAST spr round 1 (radius: 15)
[00:01:54 -12278.439986] FAST spr round 2 (radius: 15)
[00:01:56 -12277.094732] FAST spr round 3 (radius: 15)
[00:01:57 -12276.155606] FAST spr round 4 (radius: 15)
[00:01:59 -12276.154347] Model parameter optimization (eps = 1.000000)
[00:01:59 -12275.334371] SLOW spr round 1 (radius: 5)
[00:02:02 -12275.255297] SLOW spr round 2 (radius: 10)
[00:02:04 -12275.248010] SLOW spr round 3 (radius: 15)
[00:02:05 -12275.247215] SLOW spr round 4 (radius: 20)
[00:02:06 -12275.247073] Model parameter optimization (eps = 0.100000)

[00:02:06] ML tree search #7, logLikelihood: -12275.029966

[00:02:06 -15564.007392] Initial branch length optimization
[00:02:06 -12920.317618] Model parameter optimization (eps = 10.000000)
[00:02:06 -12852.037691] AUTODETECT spr round 1 (radius: 5)
[00:02:07 -12374.805920] AUTODETECT spr round 2 (radius: 10)
[00:02:08 -12315.366309] AUTODETECT spr round 3 (radius: 15)
[00:02:08 -12315.349769] SPR radius for FAST iterations: 10 (autodetect)
[00:02:08 -12315.349769] Model parameter optimization (eps = 3.000000)
[00:02:08 -12298.373823] FAST spr round 1 (radius: 10)
[00:02:09 -12280.911408] FAST spr round 2 (radius: 10)
[00:02:11 -12276.892094] FAST spr round 3 (radius: 10)
[00:02:12 -12276.800559] Model parameter optimization (eps = 1.000000)
[00:02:13 -12275.243606] SLOW spr round 1 (radius: 5)
[00:02:16 -12275.182878] SLOW spr round 2 (radius: 10)
[00:02:18 -12275.176777] SLOW spr round 3 (radius: 15)
[00:02:19 -12275.175822] SLOW spr round 4 (radius: 20)
[00:02:19 -12275.175576] Model parameter optimization (eps = 0.100000)

[00:02:20] ML tree search #8, logLikelihood: -12275.014583

[00:02:20 -15481.103209] Initial branch length optimization
[00:02:20 -12924.928639] Model parameter optimization (eps = 10.000000)
[00:02:20 -12853.198490] AUTODETECT spr round 1 (radius: 5)
[00:02:21 -12424.978402] AUTODETECT spr round 2 (radius: 10)
[00:02:21 -12351.467485] AUTODETECT spr round 3 (radius: 15)
[00:02:22 -12351.430380] SPR radius for FAST iterations: 10 (autodetect)
[00:02:22 -12351.430380] Model parameter optimization (eps = 3.000000)
[00:02:22 -12338.533839] FAST spr round 1 (radius: 10)
[00:02:24 -12289.746154] FAST spr round 2 (radius: 10)
[00:02:26 -12278.434687] FAST spr round 3 (radius: 10)
[00:02:27 -12277.474146] FAST spr round 4 (radius: 10)
[00:02:28 -12277.471769] Model parameter optimization (eps = 1.000000)
[00:02:29 -12275.304283] SLOW spr round 1 (radius: 5)
[00:02:32 -12275.235595] SLOW spr round 2 (radius: 10)
[00:02:34 -12275.229197] SLOW spr round 3 (radius: 15)
[00:02:35 -12275.228344] SLOW spr round 4 (radius: 20)
[00:02:36 -12275.228150] Model parameter optimization (eps = 0.100000)

[00:02:36] ML tree search #9, logLikelihood: -12275.021515

[00:02:36 -15578.637756] Initial branch length optimization
[00:02:36 -12953.230140] Model parameter optimization (eps = 10.000000)
[00:02:36 -12872.878101] AUTODETECT spr round 1 (radius: 5)
[00:02:37 -12351.846165] AUTODETECT spr round 2 (radius: 10)
[00:02:38 -12307.776124] AUTODETECT spr round 3 (radius: 15)
[00:02:38 -12307.401234] AUTODETECT spr round 4 (radius: 20)
[00:02:38 -12307.361249] SPR radius for FAST iterations: 15 (autodetect)
[00:02:38 -12307.361249] Model parameter optimization (eps = 3.000000)
[00:02:38 -12286.826050] FAST spr round 1 (radius: 15)
[00:02:40 -12277.026955] FAST spr round 2 (radius: 15)
[00:02:41 -12276.041749] FAST spr round 3 (radius: 15)
[00:02:43 -12275.944746] Model parameter optimization (eps = 1.000000)
[00:02:43 -12275.281006] SLOW spr round 1 (radius: 5)
[00:02:46 -12275.212086] SLOW spr round 2 (radius: 10)
[00:02:48 -12275.205419] SLOW spr round 3 (radius: 15)
[00:02:49 -12275.204429] SLOW spr round 4 (radius: 20)
[00:02:50 -12275.204187] Model parameter optimization (eps = 0.100000)

[00:02:50] ML tree search #10, logLikelihood: -12275.021086

[00:02:50 -13798.382744] Initial branch length optimization
[00:02:50 -12314.318471] Model parameter optimization (eps = 10.000000)
[00:02:50 -12311.554217] AUTODETECT spr round 1 (radius: 5)
[00:02:50 -12279.922121] AUTODETECT spr round 2 (radius: 10)
[00:02:51 -12279.872430] SPR radius for FAST iterations: 5 (autodetect)
[00:02:51 -12279.872430] Model parameter optimization (eps = 3.000000)
[00:02:51 -12279.010838] FAST spr round 1 (radius: 5)
[00:02:52 -12275.137117] FAST spr round 2 (radius: 5)
[00:02:54 -12275.018292] FAST spr round 3 (radius: 5)
[00:02:55 -12275.016934] Model parameter optimization (eps = 1.000000)
[00:02:55 -12274.992006] SLOW spr round 1 (radius: 5)
[00:03:00 -12274.990096] SLOW spr round 2 (radius: 10)
[00:03:06 -12274.989982] SLOW spr round 3 (radius: 15)
[00:03:08 -12274.989966] SLOW spr round 4 (radius: 20)
[00:03:08 -12274.989962] Model parameter optimization (eps = 0.100000)

[00:03:08] ML tree search #11, logLikelihood: -12274.983039

[00:03:08 -13848.297243] Initial branch length optimization
[00:03:08 -12340.456419] Model parameter optimization (eps = 10.000000)
[00:03:08 -12337.583982] AUTODETECT spr round 1 (radius: 5)
[00:03:10 -12283.035014] AUTODETECT spr round 2 (radius: 10)
[00:03:11 -12283.014010] SPR radius for FAST iterations: 5 (autodetect)
[00:03:11 -12283.014010] Model parameter optimization (eps = 3.000000)
[00:03:11 -12282.989247] FAST spr round 1 (radius: 5)
[00:03:13 -12278.188713] FAST spr round 2 (radius: 5)
[00:03:16 -12275.202854] FAST spr round 3 (radius: 5)
[00:03:18 -12275.202084] Model parameter optimization (eps = 1.000000)
[00:03:18 -12275.061137] SLOW spr round 1 (radius: 5)
[00:03:21 -12275.046247] SLOW spr round 2 (radius: 10)
[00:03:24 -12275.045305] SLOW spr round 3 (radius: 15)
[00:03:24 -12275.045259] SLOW spr round 4 (radius: 20)
[00:03:25 -12275.045255] Model parameter optimization (eps = 0.100000)

[00:03:25] ML tree search #12, logLikelihood: -12275.004154

[00:03:25 -13707.947894] Initial branch length optimization
[00:03:25 -12318.237407] Model parameter optimization (eps = 10.000000)
[00:03:25 -12316.134527] AUTODETECT spr round 1 (radius: 5)
[00:03:25 -12294.663453] AUTODETECT spr round 2 (radius: 10)
[00:03:26 -12283.511779] AUTODETECT spr round 3 (radius: 15)
[00:03:26 -12283.471460] SPR radius for FAST iterations: 10 (autodetect)
[00:03:26 -12283.471460] Model parameter optimization (eps = 3.000000)
[00:03:26 -12283.373473] FAST spr round 1 (radius: 10)
[00:03:28 -12277.244949] FAST spr round 2 (radius: 10)
[00:03:29 -12275.413471] FAST spr round 3 (radius: 10)
[00:03:31 -12275.339503] Model parameter optimization (eps = 1.000000)
[00:03:31 -12275.126323] SLOW spr round 1 (radius: 5)
[00:03:34 -12275.077206] SLOW spr round 2 (radius: 10)
[00:03:36 -12275.066695] SLOW spr round 3 (radius: 15)
[00:03:37 -12275.063346] SLOW spr round 4 (radius: 20)
[00:03:37 -12275.062221] Model parameter optimization (eps = 0.100000)

[00:03:38] ML tree search #13, logLikelihood: -12275.009262

[00:03:38 -13793.156876] Initial branch length optimization
[00:03:38 -12335.921051] Model parameter optimization (eps = 10.000000)
[00:03:38 -12332.547878] AUTODETECT spr round 1 (radius: 5)
[00:03:39 -12284.771988] AUTODETECT spr round 2 (radius: 10)
[00:03:39 -12284.735011] SPR radius for FAST iterations: 5 (autodetect)
[00:03:39 -12284.735011] Model parameter optimization (eps = 3.000000)
[00:03:39 -12284.703118] FAST spr round 1 (radius: 5)
[00:03:40 -12279.712703] FAST spr round 2 (radius: 5)
[00:03:42 -12276.610979] FAST spr round 3 (radius: 5)
[00:03:43 -12275.167228] FAST spr round 4 (radius: 5)
[00:03:45 -12275.161163] Model parameter optimization (eps = 1.000000)
[00:03:45 -12275.046479] SLOW spr round 1 (radius: 5)
[00:03:48 -12275.032432] SLOW spr round 2 (radius: 10)
[00:03:51 -12275.031570] SLOW spr round 3 (radius: 15)
[00:03:52 -12275.031488] SLOW spr round 4 (radius: 20)
[00:03:52 -12275.031471] Model parameter optimization (eps = 0.100000)

[00:03:52] ML tree search #14, logLikelihood: -12274.998419

[00:03:52 -13781.923223] Initial branch length optimization
[00:03:52 -12295.978452] Model parameter optimization (eps = 10.000000)
[00:03:52 -12295.336230] AUTODETECT spr round 1 (radius: 5)
[00:03:53 -12282.931961] AUTODETECT spr round 2 (radius: 10)
[00:03:53 -12282.913758] SPR radius for FAST iterations: 5 (autodetect)
[00:03:53 -12282.913758] Model parameter optimization (eps = 3.000000)
[00:03:53 -12282.475780] FAST spr round 1 (radius: 5)
[00:03:55 -12277.669762] FAST spr round 2 (radius: 5)
[00:03:56 -12276.343527] FAST spr round 3 (radius: 5)
[00:03:58 -12276.342814] Model parameter optimization (eps = 1.000000)
[00:03:58 -12275.866921] SLOW spr round 1 (radius: 5)
[00:04:01 -12275.760251] SLOW spr round 2 (radius: 5)
[00:04:04 -12275.202469] SLOW spr round 3 (radius: 5)
[00:04:07 -12275.178920] SLOW spr round 4 (radius: 10)
[00:04:10 -12275.170741] SLOW spr round 5 (radius: 15)
[00:04:12 -12275.167982] SLOW spr round 6 (radius: 20)
[00:04:12 -12275.167067] Model parameter optimization (eps = 0.100000)

[00:04:12] ML tree search #15, logLikelihood: -12275.017399

[00:04:12 -13794.311934] Initial branch length optimization
[00:04:12 -12327.818669] Model parameter optimization (eps = 10.000000)
[00:04:12 -12325.291467] AUTODETECT spr round 1 (radius: 5)
[00:04:14 -12278.334370] AUTODETECT spr round 2 (radius: 10)
[00:04:15 -12277.574250] AUTODETECT spr round 3 (radius: 15)
[00:04:16 -12277.557619] SPR radius for FAST iterations: 10 (autodetect)
[00:04:16 -12277.557619] Model parameter optimization (eps = 3.000000)
[00:04:16 -12277.385524] FAST spr round 1 (radius: 10)
[00:04:19 -12276.594902] FAST spr round 2 (radius: 10)
[00:04:23 -12275.187196] FAST spr round 3 (radius: 10)
[00:04:26 -12275.182342] Model parameter optimization (eps = 1.000000)
[00:04:26 -12275.053885] SLOW spr round 1 (radius: 5)
[00:04:33 -12275.038797] SLOW spr round 2 (radius: 10)
[00:04:37 -12275.037913] SLOW spr round 3 (radius: 15)
[00:04:38 -12275.037849] SLOW spr round 4 (radius: 20)
[00:04:38 -12275.037838] Model parameter optimization (eps = 0.100000)

[00:04:38] ML tree search #16, logLikelihood: -12275.000684

[00:04:38 -13780.122863] Initial branch length optimization
[00:04:39 -12305.160952] Model parameter optimization (eps = 10.000000)
[00:04:39 -12303.124153] AUTODETECT spr round 1 (radius: 5)
[00:04:39 -12279.309768] AUTODETECT spr round 2 (radius: 10)
[00:04:40 -12279.264499] SPR radius for FAST iterations: 5 (autodetect)
[00:04:40 -12279.264499] Model parameter optimization (eps = 3.000000)
[00:04:41 -12278.183382] FAST spr round 1 (radius: 5)
[00:04:43 -12275.179464] FAST spr round 2 (radius: 5)
[00:04:45 -12275.051581] FAST spr round 3 (radius: 5)
[00:04:47 -12275.051129] Model parameter optimization (eps = 1.000000)
[00:04:47 -12275.004389] SLOW spr round 1 (radius: 5)
[00:04:51 -12275.000369] SLOW spr round 2 (radius: 10)
[00:04:53 -12275.000157] SLOW spr round 3 (radius: 15)
[00:04:54 -12275.000144] SLOW spr round 4 (radius: 20)
[00:04:54 -12275.000143] Model parameter optimization (eps = 0.100000)

[00:04:55] ML tree search #17, logLikelihood: -12274.986605

[00:04:55 -13832.536219] Initial branch length optimization
[00:04:55 -12326.121264] Model parameter optimization (eps = 10.000000)
[00:04:55 -12321.955149] AUTODETECT spr round 1 (radius: 5)
[00:04:55 -12281.673220] AUTODETECT spr round 2 (radius: 10)
[00:04:56 -12281.641477] SPR radius for FAST iterations: 5 (autodetect)
[00:04:56 -12281.641477] Model parameter optimization (eps = 3.000000)
[00:04:56 -12281.273700] FAST spr round 1 (radius: 5)
[00:04:57 -12277.275606] FAST spr round 2 (radius: 5)
[00:04:59 -12275.132801] FAST spr round 3 (radius: 5)
[00:05:00 -12274.986585] FAST spr round 4 (radius: 5)
[00:05:02 -12274.985872] Model parameter optimization (eps = 1.000000)
[00:05:02 -12274.981767] SLOW spr round 1 (radius: 5)
[00:05:05 -12274.981244] SLOW spr round 2 (radius: 10)
[00:05:07 -12274.981193] SLOW spr round 3 (radius: 15)
[00:05:08 -12274.981180] SLOW spr round 4 (radius: 20)
[00:05:08 -12274.981176] Model parameter optimization (eps = 0.100000)

[00:05:09] ML tree search #18, logLikelihood: -12274.980149

[00:05:09 -13843.401753] Initial branch length optimization
[00:05:09 -12311.128707] Model parameter optimization (eps = 10.000000)
[00:05:09 -12309.889842] AUTODETECT spr round 1 (radius: 5)
[00:05:09 -12283.497678] AUTODETECT spr round 2 (radius: 10)
[00:05:10 -12283.486377] SPR radius for FAST iterations: 5 (autodetect)
[00:05:10 -12283.486377] Model parameter optimization (eps = 3.000000)
[00:05:10 -12283.248161] FAST spr round 1 (radius: 5)
[00:05:11 -12278.448617] FAST spr round 2 (radius: 5)
[00:05:13 -12275.843187] FAST spr round 3 (radius: 5)
[00:05:14 -12275.681820] FAST spr round 4 (radius: 5)
[00:05:16 -12275.680249] Model parameter optimization (eps = 1.000000)
[00:05:16 -12275.230164] SLOW spr round 1 (radius: 5)
[00:05:19 -12275.190465] SLOW spr round 2 (radius: 10)
[00:05:21 -12275.188587] SLOW spr round 3 (radius: 15)
[00:05:22 -12275.188499] SLOW spr round 4 (radius: 20)
[00:05:23 -12275.188493] Model parameter optimization (eps = 0.100000)

[00:05:23] ML tree search #19, logLikelihood: -12275.018794

[00:05:23 -13850.136242] Initial branch length optimization
[00:05:23 -12311.717544] Model parameter optimization (eps = 10.000000)
[00:05:23 -12309.945665] AUTODETECT spr round 1 (radius: 5)
[00:05:24 -12282.760973] AUTODETECT spr round 2 (radius: 10)
[00:05:24 -12282.750531] SPR radius for FAST iterations: 5 (autodetect)
[00:05:24 -12282.750531] Model parameter optimization (eps = 3.000000)
[00:05:24 -12282.634065] FAST spr round 1 (radius: 5)
[00:05:25 -12278.163167] FAST spr round 2 (radius: 5)
[00:05:27 -12276.612056] FAST spr round 3 (radius: 5)
[00:05:28 -12275.629752] FAST spr round 4 (radius: 5)
[00:05:30 -12275.541154] Model parameter optimization (eps = 1.000000)
[00:05:30 -12275.195529] SLOW spr round 1 (radius: 5)
[00:05:33 -12275.146194] SLOW spr round 2 (radius: 10)
[00:05:36 -12275.138909] SLOW spr round 3 (radius: 15)
[00:05:37 -12275.137786] SLOW spr round 4 (radius: 20)
[00:05:37 -12275.137270] Model parameter optimization (eps = 0.100000)

[00:05:37] ML tree search #20, logLikelihood: -12275.039081


Optimized model parameters:

   Partition 0: noname
   Rate heterogeneity: GAMMA (4 cats, mean),  alpha: 0.817556 (ML),  weights&rates: (0.250000,0.099289) (0.250000,0.414107) (0.250000,0.961703) (0.250000,2.524901) 
   Base frequencies (model): 0.079066 0.055941 0.041977 0.053052 0.012937 0.040767 0.071586 0.057337 0.022355 0.062157 0.099081 0.064600 0.022951 0.042302 0.044040 0.061197 0.053287 0.012066 0.034155 0.069147 
   Substitution rates (model): 0.425093 0.276818 0.395144 2.489084 0.969894 1.038545 2.066040 0.358858 0.149830 0.395337 0.536518 1.124035 0.253701 1.177651 4.727182 2.139501 0.180717 0.218959 2.547870 0.751878 0.123954 0.534551 2.807908 0.363970 0.390192 2.426601 0.126991 0.301848 6.326067 0.484133 0.052722 0.332533 0.858151 0.578987 0.593607 0.314440 0.170887 5.076149 0.528768 1.695752 0.541712 1.437645 4.509238 0.191503 0.068427 2.145078 0.371004 0.089525 0.161787 4.008358 2.000679 0.045376 0.612025 0.083688 0.062556 0.523386 5.243870 0.844926 0.927114 0.010690 0.015076 0.282959 0.025548 0.017416 0.394456 1.240275 0.425860 0.029890 0.135107 0.037967 0.084808 0.003499 0.569265 0.640543 0.320627 0.594007 0.013266 0.893680 1.105251 0.075382 2.784478 1.143480 0.670128 1.165532 1.959291 4.128591 0.267959 4.813505 0.072854 0.582457 3.234294 1.672569 0.035855 0.624294 1.223828 1.080136 0.236199 0.257336 0.210332 0.348847 0.423881 0.044265 0.069673 1.807177 0.173735 0.018811 0.419409 0.611973 0.604545 0.077852 0.120037 0.245034 0.311484 0.008705 0.044261 0.296636 0.139538 0.089586 0.196961 1.739990 0.129836 0.268491 0.054679 0.076701 0.108882 0.366317 0.697264 0.442472 0.682139 0.508851 0.990012 0.584262 0.597054 5.306834 0.119013 4.145067 0.159069 4.273607 1.112727 0.078281 0.064105 1.033739 0.111660 0.232523 10.649107 0.137500 6.312358 2.592692 0.249060 0.182287 0.302936 0.619632 0.299648 1.702745 0.656604 0.023918 0.390322 0.748683 1.136863 0.049906 0.131932 0.185202 1.798853 0.099849 0.346960 2.020366 0.696175 0.481306 1.898718 0.094464 0.361819 0.165001 2.457121 7.803902 0.654683 1.338132 0.571468 0.095131 0.089613 0.296501 6.472279 0.248862 0.400547 0.098369 0.140825 0.245841 2.188158 3.151815 0.189510 0.249313 


Final LogLikelihood: -12274.980149

AIC score: 24633.960298 / AICc score: 24636.496815 / BIC score: 24856.181239
Free parameters (model + branch lengths): 42

Best ML tree saved to: /Users/kaitlynabshire/Desktop/Botany563/Botany563-Final-Project/multiple_seq_align/t-coffee/exd_protein.fasta.raxml.bestTree
All ML trees saved to: /Users/kaitlynabshire/Desktop/Botany563/Botany563-Final-Project/multiple_seq_align/t-coffee/exd_protein.fasta.raxml.mlTrees
Optimized model saved to: /Users/kaitlynabshire/Desktop/Botany563/Botany563-Final-Project/multiple_seq_align/t-coffee/exd_protein.fasta.raxml.bestModel

Execution log saved to: /Users/kaitlynabshire/Desktop/Botany563/Botany563-Final-Project/multiple_seq_align/t-coffee/exd_protein.fasta.raxml.log

Analysis started: 20-Mar-2023 10:36:03 / finished: 20-Mar-2023 10:41:40

Elapsed time: 337.394 seconds

